{"level":"info","message":"Connesso a MongoDB","timestamp":"2025-10-21 11:06:34"}
{"level":"info","message":"Server in ascolto su http://localhost:3000","timestamp":"2025-10-21 11:06:34"}
{"level":"info","message":"::1 - - [21/Oct/2025:09:06:49 +0000] \"GET / HTTP/1.1\" 404 139 \"-\" \"Mozilla/5.0 (Macintosh; Intel Mac OS X 10_15_7) AppleWebKit/605.1.15 (KHTML, like Gecko) Version/18.6 Safari/605.1.15\"","timestamp":"2025-10-21 11:06:49"}
{"level":"info","message":"::1 - - [21/Oct/2025:09:06:49 +0000] \"GET /script.js HTTP/1.1\" 404 148 \"http://localhost:3000/\" \"Mozilla/5.0 (Macintosh; Intel Mac OS X 10_15_7) AppleWebKit/605.1.15 (KHTML, like Gecko) Version/18.6 Safari/605.1.15\"","timestamp":"2025-10-21 11:06:49"}
{"level":"info","message":"::1 - - [21/Oct/2025:09:06:49 +0000] \"GET /style.css HTTP/1.1\" 404 148 \"http://localhost:3000/\" \"Mozilla/5.0 (Macintosh; Intel Mac OS X 10_15_7) AppleWebKit/605.1.15 (KHTML, like Gecko) Version/18.6 Safari/605.1.15\"","timestamp":"2025-10-21 11:06:49"}
{"level":"info","message":"::1 - - [21/Oct/2025:09:08:43 +0000] \"POST /api/tasks%20 HTTP/1.1\" 404 152 \"-\" \"PostmanRuntime/7.49.0\"","timestamp":"2025-10-21 11:08:43"}
{"id":"68f74dcd42a831f336413a0c","level":"info","message":"Task creato","timestamp":"2025-10-21 11:09:33","title":"Comprare il latte"}
{"level":"info","message":"::1 - - [21/Oct/2025:09:09:33 +0000] \"POST /api/tasks HTTP/1.1\" 201 184 \"-\" \"curl/8.7.1\"","timestamp":"2025-10-21 11:09:33"}
{"level":"info","message":"::1 - - [21/Oct/2025:09:10:26 +0000] \"GET /api/tasks HTTP/1.1\" 200 186 \"-\" \"curl/8.7.1\"","timestamp":"2025-10-21 11:10:26"}
{"level":"info","message":"::1 - - [21/Oct/2025:09:11:09 +0000] \"GET /api/tasks/completed HTTP/1.1\" 200 2 \"-\" \"curl/8.7.1\"","timestamp":"2025-10-21 11:11:09"}
{"level":"info","message":"::1 - - [21/Oct/2025:09:12:20 +0000] \"GET /api/tasks HTTP/1.1\" 200 186 \"-\" \"PostmanRuntime/7.49.0\"","timestamp":"2025-10-21 11:12:20"}
{"id":"68f74eaa42a831f336413a11","level":"info","message":"Task creato","timestamp":"2025-10-21 11:13:14","title":"Prima prova"}
{"level":"info","message":"::1 - - [21/Oct/2025:09:13:14 +0000] \"POST /api/tasks HTTP/1.1\" 201 178 \"-\" \"curl/8.7.1\"","timestamp":"2025-10-21 11:13:14"}
{"id":"68f74ebf42a831f336413a13","level":"info","message":"Task creato","timestamp":"2025-10-21 11:13:35","title":"Seconda"}
{"level":"info","message":"::1 - - [21/Oct/2025:09:13:35 +0000] \"POST /api/tasks HTTP/1.1\" 201 174 \"-\" \"curl/8.7.1\"","timestamp":"2025-10-21 11:13:35"}
{"id":"68f74ece42a831f336413a15","level":"info","message":"Task creato","timestamp":"2025-10-21 11:13:50","title":"Terza"}
{"level":"info","message":"::1 - - [21/Oct/2025:09:13:50 +0000] \"POST /api/tasks HTTP/1.1\" 201 172 \"-\" \"curl/8.7.1\"","timestamp":"2025-10-21 11:13:50"}
{"level":"info","message":"::1 - - [21/Oct/2025:09:13:57 +0000] \"GET /api/tasks HTTP/1.1\" 200 713 \"-\" \"PostmanRuntime/7.49.0\"","timestamp":"2025-10-21 11:13:57"}
{"id":"68f74f0242a831f336413a18","level":"info","message":"Task creato","timestamp":"2025-10-21 11:14:42","title":"Quarta prova"}
{"level":"info","message":"::1 - - [21/Oct/2025:09:14:42 +0000] \"POST /api/tasks HTTP/1.1\" 201 180 \"-\" \"PostmanRuntime/7.49.0\"","timestamp":"2025-10-21 11:14:42"}
{"level":"info","message":"Connesso a MongoDB","timestamp":"2025-10-21 11:27:55"}
{"level":"info","message":"Server in ascolto su http://localhost:3000","timestamp":"2025-10-21 11:27:55"}
{"id":"68f75262eca849a46b4436d8","level":"info","message":"Task creato","timestamp":"2025-10-21 11:29:06"}
{"level":"info","message":"::1 - - [21/Oct/2025:09:29:06 +0000] \"POST /api/tasks HTTP/1.1\" 201 277 \"-\" \"PostmanRuntime/7.49.0\"","timestamp":"2025-10-21 11:29:06"}
{"level":"info","message":"::1 - - [21/Oct/2025:09:42:33 +0000] \"GET /api/tasks HTTP/1.1\" 200 1572 \"-\" \"curl/8.7.1\"","timestamp":"2025-10-21 11:42:33"}
{"level":"info","message":"::1 - - [21/Oct/2025:09:43:25 +0000] \"GET /api/tasks HTTP/1.1\" 200 1572 \"-\" \"curl/8.7.1\"","timestamp":"2025-10-21 11:43:25"}
{"id":"68f756a8eca849a46b4436dc","level":"info","message":"Task creato","timestamp":"2025-10-21 11:47:20"}
{"level":"info","message":"::1 - - [21/Oct/2025:09:47:20 +0000] \"POST /api/tasks HTTP/1.1\" 201 277 \"-\" \"PostmanRuntime/7.49.0\"","timestamp":"2025-10-21 11:47:20"}
{"level":"info","message":"::1 - - [21/Oct/2025:09:47:44 +0000] \"GET /api/tasks/completed HTTP/1.1\" 200 2 \"-\" \"PostmanRuntime/7.49.0\"","timestamp":"2025-10-21 11:47:44"}
{"level":"info","message":"::1 - - [21/Oct/2025:09:48:27 +0000] \"POST /api/tasks%20 HTTP/1.1\" 404 152 \"-\" \"PostmanRuntime/7.49.0\"","timestamp":"2025-10-21 11:48:27"}
{"level":"info","message":"::1 - - [21/Oct/2025:09:49:01 +0000] \"GET /api/tasks HTTP/1.1\" 200 1850 \"-\" \"curl/8.7.1\"","timestamp":"2025-10-21 11:49:01"}
{"id":"68f75714eca849a46b4436e0","level":"info","message":"Task creato","timestamp":"2025-10-21 11:49:08"}
{"level":"info","message":"::1 - - [21/Oct/2025:09:49:08 +0000] \"POST /api/tasks HTTP/1.1\" 201 264 \"-\" \"curl/8.7.1\"","timestamp":"2025-10-21 11:49:08"}
{"level":"info","message":"::1 - - [21/Oct/2025:09:53:15 +0000] \"POST /api/tasks%20 HTTP/1.1\" 404 152 \"-\" \"PostmanRuntime/7.49.0\"","timestamp":"2025-10-21 11:53:15"}
{"level":"info","message":"::1 - - [21/Oct/2025:09:54:18 +0000] \"POST /api/tasks%20 HTTP/1.1\" 404 152 \"-\" \"PostmanRuntime/7.49.0\"","timestamp":"2025-10-21 11:54:18"}
{"level":"info","message":"::1 - - [21/Oct/2025:09:54:28 +0000] \"GET /api/tasks%20 HTTP/1.1\" 404 151 \"-\" \"PostmanRuntime/7.49.0\"","timestamp":"2025-10-21 11:54:28"}
{"level":"info","message":"::1 - - [21/Oct/2025:09:54:47 +0000] \"GET /api/tasks/completed HTTP/1.1\" 200 2 \"-\" \"PostmanRuntime/7.49.0\"","timestamp":"2025-10-21 11:54:47"}
{"level":"info","message":"::1 - - [21/Oct/2025:10:46:54 +0000] \"GET /health HTTP/1.1\" 200 15 \"-\" \"Mozilla/5.0 (Macintosh; Intel Mac OS X 10_15_7) AppleWebKit/605.1.15 (KHTML, like Gecko) Version/18.6 Safari/605.1.15\"","timestamp":"2025-10-21 12:46:54"}
{"id":"68f764dfeca849a46b4436e3","level":"info","message":"Task creato","timestamp":"2025-10-21 12:47:59"}
{"level":"info","message":"::1 - - [21/Oct/2025:10:47:59 +0000] \"POST /api/tasks HTTP/1.1\" 201 263 \"-\" \"PostmanRuntime/7.49.0\"","timestamp":"2025-10-21 12:47:59"}
{"level":"info","message":"::1 - - [21/Oct/2025:10:49:18 +0000] \"GET /api/tasks HTTP/1.1\" 200 2379 \"-\" \"PostmanRuntime/7.49.0\"","timestamp":"2025-10-21 12:49:18"}
{"level":"info","message":"::1 - - [21/Oct/2025:10:50:56 +0000] \"PATCH /api/tasks/68f764dfeca849a46b4436e3 HTTP/1.1\" 200 262 \"-\" \"PostmanRuntime/7.49.0\"","timestamp":"2025-10-21 12:50:56"}
{"level":"info","message":"::1 - - [21/Oct/2025:10:51:22 +0000] \"GET /api/tasks/completed HTTP/1.1\" 200 264 \"-\" \"PostmanRuntime/7.49.0\"","timestamp":"2025-10-21 12:51:22"}
{"id":"68f764dfeca849a46b4436e3","level":"warn","message":"Task eliminato","timestamp":"2025-10-21 12:52:01","title":"Passeggiare Teo"}
{"level":"info","message":"::1 - - [21/Oct/2025:10:52:01 +0000] \"DELETE /api/tasks/68f764dfeca849a46b4436e3 HTTP/1.1\" 200 262 \"-\" \"PostmanRuntime/7.49.0\"","timestamp":"2025-10-21 12:52:01"}
{"level":"info","message":"::1 - - [21/Oct/2025:10:54:54 +0000] \"POST /api/tasks HTTP/1.1\" 400 147 \"-\" \"PostmanRuntime/7.49.0\"","timestamp":"2025-10-21 12:54:54"}
{"level":"info","message":"::1 - - [21/Oct/2025:10:55:21 +0000] \"PATCH /api/tasks/64f5a0000000000000000000 HTTP/1.1\" 400 147 \"-\" \"PostmanRuntime/7.49.0\"","timestamp":"2025-10-21 12:55:21"}
{"level":"info","message":"Connesso a MongoDB","timestamp":"2025-10-21 13:05:27"}
{"level":"info","message":"Server in ascolto su http://localhost:3000","timestamp":"2025-10-21 13:05:27"}
{"level":"info","message":"::1 - - [21/Oct/2025:11:05:42 +0000] \"GET /health HTTP/1.1\" 304 - \"-\" \"Mozilla/5.0 (Macintosh; Intel Mac OS X 10_15_7) AppleWebKit/605.1.15 (KHTML, like Gecko) Version/18.6 Safari/605.1.15\"","timestamp":"2025-10-21 13:05:42"}
{"level":"info","message":"::1 - - [21/Oct/2025:11:05:55 +0000] \"POST /api/tasks HTTP/1.1\" 404 149 \"-\" \"PostmanRuntime/7.49.0\"","timestamp":"2025-10-21 13:05:55"}
{"level":"info","message":"::1 - - [21/Oct/2025:11:06:12 +0000] \"POST /api/tasks HTTP/1.1\" 404 149 \"-\" \"curl/8.7.1\"","timestamp":"2025-10-21 13:06:12"}
{"level":"info","message":"::1 - - [21/Oct/2025:11:08:01 +0000] \"POST /api/tasks HTTP/1.1\" 404 149 \"-\" \"curl/8.7.1\"","timestamp":"2025-10-21 13:08:01"}
{"level":"info","message":"Connesso a MongoDB","timestamp":"2025-10-21 13:09:12"}
{"level":"info","message":"Server in ascolto su http://localhost:3000","timestamp":"2025-10-21 13:09:12"}
{"level":"info","message":"::1 - - [21/Oct/2025:11:09:24 +0000] \"POST /api/tasks HTTP/1.1\" 404 149 \"-\" \"curl/8.7.1\"","timestamp":"2025-10-21 13:09:24"}
{"level":"info","message":"Connesso a MongoDB","timestamp":"2025-10-21 13:12:34"}
{"level":"info","message":"Server in ascolto su http://localhost:3000","timestamp":"2025-10-21 13:12:34"}
{"level":"info","message":"::1 - - [21/Oct/2025:11:12:46 +0000] \"GET /health HTTP/1.1\" 304 - \"-\" \"Mozilla/5.0 (Macintosh; Intel Mac OS X 10_15_7) AppleWebKit/605.1.15 (KHTML, like Gecko) Version/18.6 Safari/605.1.15\"","timestamp":"2025-10-21 13:12:46"}
{"id":"68f76ab3939b72e99d1aa7c5","level":"info","message":"Task creato","timestamp":"2025-10-21 13:12:51"}
{"level":"info","message":"::1 - - [21/Oct/2025:11:12:51 +0000] \"POST /api/tasks HTTP/1.1\" 201 264 \"-\" \"curl/8.7.1\"","timestamp":"2025-10-21 13:12:51"}
{"level":"info","message":"::1 - - [21/Oct/2025:11:13:17 +0000] \"GET /api/tasks HTTP/1.1\" 200 2380 \"-\" \"PostmanRuntime/7.49.0\"","timestamp":"2025-10-21 13:13:17"}
{"level":"info","message":"::1 - - [21/Oct/2025:11:13:38 +0000] \"GET /api/tasks/completed HTTP/1.1\" 200 2 \"-\" \"PostmanRuntime/7.49.0\"","timestamp":"2025-10-21 13:13:38"}
{"level":"info","message":"::1 - - [21/Oct/2025:11:13:49 +0000] \"GET /api/tasks HTTP/1.1\" 200 2380 \"-\" \"PostmanRuntime/7.49.0\"","timestamp":"2025-10-21 13:13:49"}
{"level":"info","message":"::1 - - [21/Oct/2025:11:14:20 +0000] \"PATCH /api/tasks/68f76ab3939b72e99d1aa7c5 HTTP/1.1\" 200 263 \"-\" \"PostmanRuntime/7.49.0\"","timestamp":"2025-10-21 13:14:20"}
{"level":"info","message":"::1 - - [21/Oct/2025:11:14:36 +0000] \"GET /api/tasks/completed HTTP/1.1\" 200 265 \"-\" \"PostmanRuntime/7.49.0\"","timestamp":"2025-10-21 13:14:36"}
{"level":"info","message":"::1 - - [21/Oct/2025:11:16:24 +0000] \"DELETE /api/tasks/68f76ab3939b72e99d1aa7c5000 HTTP/1.1\" 400 27 \"-\" \"PostmanRuntime/7.49.0\"","timestamp":"2025-10-21 13:16:24"}
{"id":"68f76ab3939b72e99d1aa7c5","level":"warn","message":"Task eliminato","timestamp":"2025-10-21 13:16:48","title":"Comprare il latte"}
{"level":"info","message":"::1 - - [21/Oct/2025:11:16:48 +0000] \"DELETE /api/tasks/68f76ab3939b72e99d1aa7c5 HTTP/1.1\" 200 263 \"-\" \"PostmanRuntime/7.49.0\"","timestamp":"2025-10-21 13:16:48"}
{"level":"info","message":"::1 - - [21/Oct/2025:11:17:11 +0000] \"DELETE /api/tasks/64f5a0000000000000000000 HTTP/1.1\" 404 30 \"-\" \"PostmanRuntime/7.49.0\"","timestamp":"2025-10-21 13:17:11"}
{"level":"info","message":"::1 - - [21/Oct/2025:11:17:48 +0000] \"POST /api/tasks HTTP/1.1\" 400 147 \"-\" \"PostmanRuntime/7.49.0\"","timestamp":"2025-10-21 13:17:48"}
{"level":"error","message":"connect ECONNREFUSED ::1:27017, connect ECONNREFUSED 127.0.0.1:27017","stack":"MongooseServerSelectionError: connect ECONNREFUSED ::1:27017, connect ECONNREFUSED 127.0.0.1:27017\n    at _handleConnectionErrors (/Users/giordanapandolfo/Desktop/Task_API/node_modules/mongoose/lib/connection.js:1169:11)\n    at NativeConnection.openUri (/Users/giordanapandolfo/Desktop/Task_API/node_modules/mongoose/lib/connection.js:1100:11)\n    at async /Users/giordanapandolfo/Desktop/Task_API/server.js:33:5","timestamp":"2025-10-21 16:55:08"}
{"level":"info","message":"Connesso a MongoDB","timestamp":"2025-10-21 16:56:37"}
{"level":"info","message":"Server in ascolto su http://localhost:3000","timestamp":"2025-10-21 16:56:37"}
{"level":"info","message":"::1 - - [21/Oct/2025:14:56:48 +0000] \"GET /api/health HTTP/1.1\" 404 149 \"-\" \"Mozilla/5.0 (Macintosh; Intel Mac OS X 10_15_7) AppleWebKit/605.1.15 (KHTML, like Gecko) Version/18.6 Safari/605.1.15\"","timestamp":"2025-10-21 16:56:48"}
{"level":"info","message":"::1 - - [21/Oct/2025:14:58:04 +0000] \"GET /health HTTP/1.1\" 200 15 \"-\" \"curl/8.7.1\"","timestamp":"2025-10-21 16:58:04"}
{"level":"info","message":"::1 - - [21/Oct/2025:14:58:10 +0000] \"GET /api/health HTTP/1.1\" 404 149 \"-\" \"Mozilla/5.0 (Macintosh; Intel Mac OS X 10_15_7) AppleWebKit/605.1.15 (KHTML, like Gecko) Version/18.6 Safari/605.1.15\"","timestamp":"2025-10-21 16:58:10"}
{"level":"info","message":"::1 - - [21/Oct/2025:14:59:11 +0000] \"GET / HTTP/1.1\" 404 139 \"-\" \"Mozilla/5.0 (Macintosh; Intel Mac OS X 10_15_7) AppleWebKit/605.1.15 (KHTML, like Gecko) Version/18.6 Safari/605.1.15\"","timestamp":"2025-10-21 16:59:11"}
{"level":"info","message":"::1 - - [21/Oct/2025:14:59:16 +0000] \"GET /api/tasks HTTP/1.1\" 200 507 \"-\" \"Mozilla/5.0 (Macintosh; Intel Mac OS X 10_15_7) AppleWebKit/605.1.15 (KHTML, like Gecko) Version/18.6 Safari/605.1.15\"","timestamp":"2025-10-21 16:59:16"}
{"level":"info","message":"::1 - - [21/Oct/2025:14:59:21 +0000] \"GET /api/health HTTP/1.1\" 404 149 \"-\" \"Mozilla/5.0 (Macintosh; Intel Mac OS X 10_15_7) AppleWebKit/605.1.15 (KHTML, like Gecko) Version/18.6 Safari/605.1.15\"","timestamp":"2025-10-21 16:59:21"}
{"level":"info","message":"::1 - - [21/Oct/2025:14:59:57 +0000] \"GET /health HTTP/1.1\" 304 - \"-\" \"Mozilla/5.0 (Macintosh; Intel Mac OS X 10_15_7) AppleWebKit/605.1.15 (KHTML, like Gecko) Version/18.6 Safari/605.1.15\"","timestamp":"2025-10-21 16:59:57"}
{"level":"info","message":"Connesso a MongoDB","timestamp":"2025-10-21 21:37:29"}
{"level":"info","message":"Server in ascolto su http://localhost:3000","timestamp":"2025-10-21 21:37:29"}
{"level":"info","message":"::1 - - [21/Oct/2025:19:37:40 +0000] \"GET / HTTP/1.1\" 404 139 \"-\" \"Mozilla/5.0 (Macintosh; Intel Mac OS X 10_15_7) AppleWebKit/605.1.15 (KHTML, like Gecko) Version/18.6 Safari/605.1.15\"","timestamp":"2025-10-21 21:37:40"}
{"level":"info","message":"::1 - - [21/Oct/2025:19:37:42 +0000] \"GET /api/tasks HTTP/1.1\" 200 795 \"-\" \"Mozilla/5.0 (Macintosh; Intel Mac OS X 10_15_7) AppleWebKit/605.1.15 (KHTML, like Gecko) Version/18.6 Safari/605.1.15\"","timestamp":"2025-10-21 21:37:42"}
{"level":"info","message":"::1 - - [21/Oct/2025:19:37:44 +0000] \"GET /api/health HTTP/1.1\" 404 149 \"-\" \"Mozilla/5.0 (Macintosh; Intel Mac OS X 10_15_7) AppleWebKit/605.1.15 (KHTML, like Gecko) Version/18.6 Safari/605.1.15\"","timestamp":"2025-10-21 21:37:44"}
{"level":"info","message":"::1 - - [21/Oct/2025:19:37:54 +0000] \"GET /api/tasks HTTP/1.1\" 304 - \"-\" \"Mozilla/5.0 (Macintosh; Intel Mac OS X 10_15_7) AppleWebKit/605.1.15 (KHTML, like Gecko) Version/18.6 Safari/605.1.15\"","timestamp":"2025-10-21 21:37:54"}
{"level":"info","message":"::1 - - [21/Oct/2025:19:37:57 +0000] \"GET / HTTP/1.1\" 404 139 \"-\" \"Mozilla/5.0 (Macintosh; Intel Mac OS X 10_15_7) AppleWebKit/605.1.15 (KHTML, like Gecko) Version/18.6 Safari/605.1.15\"","timestamp":"2025-10-21 21:37:57"}
{"level":"info","message":"::1 - - [21/Oct/2025:19:38:19 +0000] \"GET / HTTP/1.1\" 404 139 \"-\" \"Mozilla/5.0 (Macintosh; Intel Mac OS X 10_15_7) AppleWebKit/605.1.15 (KHTML, like Gecko) Version/18.6 Safari/605.1.15\"","timestamp":"2025-10-21 21:38:19"}
{"level":"info","message":"::1 - - [21/Oct/2025:19:38:20 +0000] \"GET /health HTTP/1.1\" 304 - \"-\" \"Mozilla/5.0 (Macintosh; Intel Mac OS X 10_15_7) AppleWebKit/605.1.15 (KHTML, like Gecko) Version/18.6 Safari/605.1.15\"","timestamp":"2025-10-21 21:38:20"}
{"level":"info","message":"Connesso a MongoDB","timestamp":"2025-10-21 21:42:35"}
{"level":"info","message":"Server in ascolto su http://localhost:3000","timestamp":"2025-10-21 21:42:35"}
{"level":"info","message":"::1 - - [21/Oct/2025:19:43:08 +0000] \"GET /health HTTP/1.1\" 304 - \"-\" \"Mozilla/5.0 (Macintosh; Intel Mac OS X 10_15_7) AppleWebKit/605.1.15 (KHTML, like Gecko) Version/18.6 Safari/605.1.15\"","timestamp":"2025-10-21 21:43:08"}
{"level":"info","message":"::1 - - [21/Oct/2025:19:43:09 +0000] \"GET /health HTTP/1.1\" 304 - \"-\" \"Mozilla/5.0 (Macintosh; Intel Mac OS X 10_15_7) AppleWebKit/605.1.15 (KHTML, like Gecko) Version/18.6 Safari/605.1.15\"","timestamp":"2025-10-21 21:43:09"}
{"level":"info","message":"Connesso a MongoDB","timestamp":"2025-10-21 21:44:02"}
{"level":"info","message":"Server in ascolto su http://localhost:3000","timestamp":"2025-10-21 21:44:02"}
{"level":"info","message":"::1 - - [21/Oct/2025:19:44:12 +0000] \"GET /health HTTP/1.1\" 200 15 \"-\" \"Mozilla/5.0 (Macintosh; Intel Mac OS X 10_15_7) AppleWebKit/605.1.15 (KHTML, like Gecko) Version/18.6 Safari/605.1.15\"","timestamp":"2025-10-21 21:44:12"}
{"level":"info","message":"::1 - - [21/Oct/2025:19:44:13 +0000] \"GET /health HTTP/1.1\" 200 15 \"-\" \"Mozilla/5.0 (Macintosh; Intel Mac OS X 10_15_7) AppleWebKit/605.1.15 (KHTML, like Gecko) Version/18.6 Safari/605.1.15\"","timestamp":"2025-10-21 21:44:13"}
